<?xml version="1.0" encoding="UTF-8"?>
<testng-results skipped="0" failed="0" total="1" passed="1">
  <reporter-output>
  </reporter-output>
  <suite name="Default suite" duration-ms="192" started-at="2015-05-06T15:54:50Z" finished-at="2015-05-06T15:54:50Z">
    <groups>
    </groups>
    <test name="Default test" duration-ms="192" started-at="2015-05-06T15:54:50Z" finished-at="2015-05-06T15:54:50Z">
      <class name="com.shems.mobile.ObjectFilterTestSuite">
        <test-method status="PASS" signature="setUpAll()[pri:0, instance:com.shems.mobile.ObjectFilterTestSuite@1ab079fd]" name="setUpAll" is-config="true" duration-ms="5759" started-at="2015-05-06T17:54:44Z" finished-at="2015-05-06T17:54:50Z">
          <reporter-output>
          </reporter-output>
        </test-method> <!-- setUpAll -->
        <test-method status="PASS" signature="testObjectFilterAll()[pri:0, instance:com.shems.mobile.ObjectFilterTestSuite@1ab079fd]" name="testObjectFilterAll" duration-ms="181" started-at="2015-05-06T17:54:50Z" finished-at="2015-05-06T17:54:50Z">
          <reporter-output>
          </reporter-output>
        </test-method> <!-- testObjectFilterAll -->
        <test-method status="PASS" signature="tearDown()[pri:0, instance:com.shems.mobile.ObjectFilterTestSuite@1ab079fd]" name="tearDown" is-config="true" duration-ms="977" started-at="2015-05-06T17:54:50Z" finished-at="2015-05-06T17:54:51Z">
          <reporter-output>
          </reporter-output>
        </test-method> <!-- tearDown -->
      </class> <!-- com.shems.mobile.ObjectFilterTestSuite -->
    </test> <!-- Default test -->
  </suite> <!-- Default suite -->
</testng-results>
