<?xml version="1.0" encoding="UTF-8"?>
<testng-results skipped="0" failed="0" total="1" passed="1">
  <reporter-output>
  </reporter-output>
  <suite name="Default suite" duration-ms="1691" started-at="2015-05-11T09:12:35Z" finished-at="2015-05-11T09:12:37Z">
    <groups>
    </groups>
    <test name="Default test" duration-ms="1691" started-at="2015-05-11T09:12:35Z" finished-at="2015-05-11T09:12:37Z">
      <class name="com.shems.mobile.ObjectFilterTestSuite">
        <test-method status="PASS" signature="setUpAll()[pri:0, instance:com.shems.mobile.ObjectFilterTestSuite@73cf56e9]" name="setUpAll" is-config="true" duration-ms="6277" started-at="2015-05-11T11:12:29Z" finished-at="2015-05-11T11:12:35Z">
          <reporter-output>
          </reporter-output>
        </test-method> <!-- setUpAll -->
        <test-method status="PASS" signature="testObjectFilterAll()[pri:0, instance:com.shems.mobile.ObjectFilterTestSuite@73cf56e9]" name="testObjectFilterAll" duration-ms="1614" started-at="2015-05-11T11:12:35Z" finished-at="2015-05-11T11:12:37Z">
          <reporter-output>
          </reporter-output>
        </test-method> <!-- testObjectFilterAll -->
        <test-method status="PASS" signature="tearDown()[pri:0, instance:com.shems.mobile.ObjectFilterTestSuite@73cf56e9]" name="tearDown" is-config="true" duration-ms="906" started-at="2015-05-11T11:12:37Z" finished-at="2015-05-11T11:12:38Z">
          <reporter-output>
          </reporter-output>
        </test-method> <!-- tearDown -->
      </class> <!-- com.shems.mobile.ObjectFilterTestSuite -->
    </test> <!-- Default test -->
  </suite> <!-- Default suite -->
</testng-results>
